<?xml version="1.0" encoding="UTF-8"?>
<testng-results ignored="0" total="1" passed="1" failed="0" skipped="0">
  <reporter-output>
  </reporter-output>
  <suite started-at="2023-08-27T18:46:11 IST" name="Default suite" finished-at="2023-08-27T18:46:11 IST" duration-ms="59">
    <groups>
    </groups>
    <test started-at="2023-08-27T18:46:11 IST" name="Default test" finished-at="2023-08-27T18:46:11 IST" duration-ms="59">
      <class name="Practise.Demo2">
        <test-method signature="demo()[pri:0, instance:Practise.Demo2@4fb61f4a]" started-at="2023-08-27T18:46:11 IST" name="demo" finished-at="2023-08-27T18:46:11 IST" duration-ms="11" status="PASS">
          <reporter-output>
          </reporter-output>
        </test-method> <!-- demo -->
      </class> <!-- Practise.Demo2 -->
    </test> <!-- Default test -->
  </suite> <!-- Default suite -->
</testng-results>
